# timestamp | duration | file | instruction | dir | modtime | etag | size | fileId | status | errorString | http result code | other size | other modtime | X-Request-ID
#=#=#=# Syncrun started 2021-05-28T09:21:47Z
#=#=#=#=# Propagation starts 2021-05-28T09:21:48Z (last step: 1814 msec, total: 1814 msec)
09:21:49||exercise01_02|8|1|1620218127||4096|2185855880oc5cc11235d1|4||201|0|0|b5b9262a-63ff-4d85-83fc-5755bf0b99f5|
09:21:49||exercise03|8|1|1621023389||4096|2185855892oc5cc11235d1|4||201|0|0|dd5e7397-015a-4fd0-b86d-ec0325e70290|
09:21:49||exercise04|8|1|1622029710||4096|2185855900oc5cc11235d1|4||201|0|0|02ecb5d5-08e8-446e-8cbe-fed85b8fe046|
09:21:49||README.md|8|1|1620218177|c2326ef882d880ab839587d69e49a004|165|2185855888oc5cc11235d1|4||201|0|0|565a7382-ab47-4d76-b18e-b045f3454059|
09:21:49||node_modules|8|1|1621248753||0|2185855904oc5cc11235d1|4||201|0|0|15a65c4a-b44a-4d67-a901-8879903f845f|
09:21:49||overviewPage|8|1|1621444675||0|2185855908oc5cc11235d1|4||201|0|0|328f6141-3487-47dc-ba5d-21ef0901f798|
09:21:49||exercise01_02/geojsonConverter.js|8|1|1620218127|ba287124dd90fbb4ce0520f2faa0bb6f|3445|2185855896oc5cc11235d1|4||201|0|0|f0dbc227-2ece-49e9-b1be-68649e5fe207|
09:21:49||exercise01_02/index.html|8|1|1620218127|f22fedfd570a57ea81cf312f00000e70|1266|2185855916oc5cc11235d1|4||201|0|0|ddb68a9c-652e-443f-85f5-d909b38a6446|
09:21:49||exercise01_02/main.js|8|1|1620218127|c366fc7728fce4f6b08c0145b32ec1a8|4805|2185855920oc5cc11235d1|4||201|0|0|97745fe8-f1ca-4338-97e8-5d6c42e0e635|
09:21:49||exercise01_02/polygon.js|8|1|1620218127|b5a392c8a0aa8b22a505784328a79b04|278|2185855924oc5cc11235d1|4||201|0|0|ea978e5a-4582-4fcd-91a5-9f7e60f3fa12|
09:21:49||exercise01_02/route.js|8|1|1620218127|d5b9e95b03cb17891c77a8d98dc8dcfa|8832|2185855928oc5cc11235d1|4||201|0|0|c4029d6a-6ee4-433a-8f32-53489303b1bf|
09:21:49||exercise01_02/style.css|8|1|1620218127|fc500be810cceb799777dd930ccb0539|521|2185855932oc5cc11235d1|4||201|0|0|6515657b-6574-45c5-a304-d2a4d4a1808a|
09:21:49||exercise01_02/tableContent.js|8|1|1620218127|d710a08c4b9da32ee3cf43cb9aa249ad|11653|2185855936oc5cc11235d1|4||201|0|0|7b3bd66b-ef42-4335-af37-4b2aba25f589|
09:21:50||exercise01_02/testRoute01.geojson|8|1|1620218127|e451e1ae0f0cdeeb0dca5a2bb81c8d2b|3709|2185855944oc5cc11235d1|4||201|0|0|ef12c25e-50bb-417f-846f-8fcc40ed5470|
09:21:50||exercise03/appid.js|8|1|1620658261|3253815cf2f6088a578870694fe42d18|123|2185855948oc5cc11235d1|4||201|0|0|2b32239d-8a3e-4a4e-8d77-5667b6f8526e|
09:21:50||exercise03/compass.js|8|1|1620658325|d2db4b6a3c7c82f1b1f74d369a0d65ba|4708|2185855952oc5cc11235d1|4||201|0|0|ed01aae8-6c53-40ee-90da-44e0a7718f74|
09:21:50||exercise03/index.html|8|1|1621023448|873bc3de00eb5ac9533f3130a6ef4377|295|2185855956oc5cc11235d1|4||201|0|0|8fe78663-56d2-4087-a7f6-276fb7cf2257|
09:21:50||exercise03/main.js|8|1|1621023773|baa6593139640b46ecbd55a52f666435|222|2185855960oc5cc11235d1|4||201|0|0|163c6d61-c8dc-4379-adf0-cf1e73daa87f|
09:21:50||exercise03/requestData.js|8|1|1621076865|3f98a2398a45e7218f0f6062b2752acf|15302|2185855968oc5cc11235d1|4||201|0|0|d32823a8-d43a-429e-a21b-316a0d68cae7|
09:21:50||exercise03/style.css|8|1|1621444948|6ce5574a1bac857bc20ccbea7eba8a41|433|2185855976oc5cc11235d1|4||201|0|0|ebac6a6e-6ee9-46bc-b8d2-ad6c3d62f74b|
09:21:50||exercise04/coordinates.js|8|1|1621443759|eb73531898d45b61951622d15e149c5e|1403|2185855980oc5cc11235d1|4||201|0|0|8bd74f58-956f-4d25-b0d4-ebc46bb90163|
09:21:50||exercise04/html.js|8|1|1621941058|4c20fe01578c999a5ba05ffa7d0d138b|8638|2185855992oc5cc11235d1|4||201|0|0|6bc7bb49-4050-4d99-a39f-1a96cae521cb|
09:21:50||exercise04/keys.js|8|1|1621417683|3f60e018c3343700cc9eac835b5f121f|205|2185855996oc5cc11235d1|4||201|0|0|051e7948-3e9b-4137-9ba8-d3eaed4a9c93|
09:21:50||exercise04/index.html|8|1|1622032015|17714fef5a78d91c3b2dcf5318eeebcc|6016|2185856000oc5cc11235d1|4||201|0|0|764af0a1-ef76-4f97-b882-10e3321cc007|
09:21:50||exercise04/main.js|8|1|1622030759|9b1c1a31f5b7f67b64720a21477b1b66|1138|2185856004oc5cc11235d1|4||201|0|0|3a85b9ce-a56c-47a8-be8b-047c0f50f6be|
09:21:50||exercise04/Route_Uebung4.geojson|8|1|1620725716|663f804cd3954ba0a2ce6e70b3a1589b|1992544|2185856012oc5cc11235d1|4||201|0|0|04c7b326-6027-4367-8610-177cc6fb15d3|
09:21:51||exercise04/map.js|8|1|1622031433|d0032517738ed654c0e8b21aa79f602e|5332|2185856020oc5cc11235d1|4||201|0|0|d51e3991-ad39-477c-8d53-432872177b50|
09:21:51||exercise04/requests.js|8|1|1622029710|d1c38e6cf65b1123cfc0fe10cb1100b5|7247|2185856024oc5cc11235d1|4||201|0|0|f9cefd3b-4dc9-416b-a708-868805d7af9e|
09:21:51||node_modules/leaflet-draw|8|1|1621248753||4096|2185856036oc5cc11235d1|4||201|0|0|8053ecb4-0eab-48b7-97f2-15bb8203e83e|
09:21:51||exercise04/style.css|8|1|1622030121|65244a0da39283a1655cbcc8df8e17b2|217|2185856028oc5cc11235d1|4||201|0|0|15dfe3e2-e82c-47ea-95f5-350a3ce40bf4|
09:21:51||overviewPage/index.html|8|1|1621444930|ef40a6bee3f6d050d7ea131a633db6e1|439|2185856040oc5cc11235d1|4||201|0|0|db376afa-ba3e-4a7e-bb37-d26d219cbfa4|
09:21:51||node_modules/leaflet-draw/dist|8|1|1621248753||4096|2185856052oc5cc11235d1|4||201|0|0|762bf931-dfd9-4db1-a1a7-972fe84a20ff|
09:21:51||package-lock.json|8|1|1621248753|2e1da6a06ccb2bc819185ebb7a3535f5|329|2185856044oc5cc11235d1|4||201|0|0|8e151ed1-c5dc-4be9-8839-9163a23d60e9|
09:21:51||node_modules/leaflet-draw/docs|8|1|1621248753||4096|2185856056oc5cc11235d1|4||201|0|0|6aed2270-463e-408c-ad02-222456bbc796|
09:21:51||node_modules/leaflet-draw/CHANGELOG.md|8|1|499162500|08c39860c6b83ec7453df953c43c7ef2|11552|2185856060oc5cc11235d1|4||201|0|0|e339dc6c-01df-4ffa-ab9b-b7687c458c9e|
09:21:52||node_modules/leaflet-draw/dist/images|8|1|1621248753||4096|2185856072oc5cc11235d1|4||201|0|0|a1d61659-f14e-41f0-9267-67529788bfc9|
09:21:51||node_modules/leaflet-draw/README.md|8|1|499162500|9c493a0de66048a220bd7e20f8c6c9c4|6673|2185856064oc5cc11235d1|4||201|0|0|432c21c6-6d3e-48c1-8b6b-55eb5feb0840|
09:21:52||node_modules/leaflet-draw/package.json|8|1|1621248753|2d4e65d6a0b3b1cb4fcb7cc91f1cce49|3020|2185856068oc5cc11235d1|4||201|0|0|15747b57-d107-46be-a3eb-4985ed112654|
09:21:52||node_modules/leaflet-draw/dist/leaflet.draw-src.js|8|1|499162500|05c357d17ba7cf86402393776281d1a3|124724|2185856084oc5cc11235d1|4||201|0|0|2a2efef6-6848-4f77-9662-f7beca9345f6|
09:21:52||node_modules/leaflet-draw/dist/leaflet.draw-src.css|8|1|499162500|a605e6dedf31c46c11213fe59e786e05|7165|2185856080oc5cc11235d1|4||201|0|0|f1cd1fa3-42ae-46c8-af05-41987bd8c31f|
09:21:52||node_modules/leaflet-draw/dist/leaflet.draw-src.map|8|1|499162500|7f8ba55c07421517b8865eb12a074747|161754|2185856088oc5cc11235d1|4||201|0|0|e471f434-d1f1-43ce-b782-2735dec3e8ba|
09:21:52||node_modules/leaflet-draw/dist/leaflet.draw.css|8|1|499162500|b139835d6bb58501bc92bbe3bdad2852|5267|2185856092oc5cc11235d1|4||201|0|0|d2642e2b-da07-4482-93ba-baf426c9c8c7|
09:21:52||node_modules/leaflet-draw/dist/images/layers-2x.png|8|1|499162500|4447ba030e19f56ec08d83198e8cee6e|1259|2185856108oc5cc11235d1|4||201|0|0|7910b3a8-b91f-4ae1-8ae9-b9d76f54ab19|
09:21:52||node_modules/leaflet-draw/dist/images/layers.png|8|1|499162500|761e6584e868ee3fa2a70702179a6deb|696|2185856116oc5cc11235d1|4||201|0|0|c8175dd8-f8b3-4289-8409-8e1ad315a783|
09:21:52||node_modules/leaflet-draw/dist/images/marker-icon-2x.png|8|1|499162500|6d296cf671df89fefc7f6e2f2570e391|2586|2185856120oc5cc11235d1|4||201|0|0|36dab03f-c962-4cfd-b595-55ae8bd5cb7f|
09:21:52||node_modules/leaflet-draw/dist/images/marker-shadow.png|8|1|499162500|1c6413e267f3ec3dda91e9e6715956b2|618|2185856124oc5cc11235d1|4||201|0|0|ea881477-d795-4d85-b0f6-9900a7ed5cda|
09:21:52||node_modules/leaflet-draw/dist/images/marker-icon.png|8|1|499162500|498247a3d92d34d90601003924c2bbfd|1466|2185856128oc5cc11235d1|4||201|0|0|f0e1e174-5dc5-4a98-9344-a956b48faf63|
09:21:52||node_modules/leaflet-draw/dist/images/spritesheet-2x.png|8|1|499162500|6c8297e6b3a8f17b4b4d8ee107cb889b|3581|2185856132oc5cc11235d1|4||201|0|0|a49b976b-0151-490a-9c03-358c551b5732|
09:21:53||node_modules/leaflet-draw/docs/css|8|1|1621248753||0|2185856156oc5cc11235d1|4||201|0|0|271aeae1-17bb-48c8-9ff4-7f508dbed75f|
09:21:52||node_modules/leaflet-draw/dist/images/spritesheet.png|8|1|499162500|b898c90b0e11a0cc99e10807a913d538|1906|2185856148oc5cc11235d1|4||201|0|0|aa0ba444-6d93-4a57-8769-3b0411a30137|
09:21:53||node_modules/leaflet-draw/docs/examples|8|1|1621248753||4096|2185856168oc5cc11235d1|4||201|0|0|1568a59a-8fa9-4ea2-9ef0-8057423ff190|
09:21:52||node_modules/leaflet-draw/dist/images/spritesheet.svg|8|1|499162500|56b176d2cbeb8fe6396717ef3c3f2231|5551|2185856152oc5cc11235d1|4||201|0|0|ec9ba738-f176-4b8a-8d52-957361960ff2|
09:21:53||node_modules/leaflet-draw/docs/examples-0.7.x|8|1|1621248753||4096|2185856172oc5cc11235d1|4||201|0|0|43c84812-baa4-4e39-8b70-0fb317def5b0|
09:21:53||node_modules/leaflet-draw/dist/leaflet.draw.js|8|1|1621248875|5e41d3d439277d51ef7705608400be53|67484|2185856160oc5cc11235d1|4||201|0|0|4193cf48-e394-4325-be52-ea0bf455eba9|
09:21:53||node_modules/leaflet-draw/docs/highlight|8|1|1621248753||0|2185856176oc5cc11235d1|4||201|0|0|a3196a27-4f36-4418-966a-1eded8b54605|
09:21:53||node_modules/leaflet-draw/docs/images|8|1|1621248753||4096|2185856184oc5cc11235d1|4||201|0|0|7a71f96f-c388-489d-856e-60b5befd3c20|
09:21:53||node_modules/leaflet-draw/docs/css/main.css|8|1|499162500|5c45828cbef8e431aabd0bc372444805|15765|2185856180oc5cc11235d1|4||201|0|0|5b5343c1-3a3d-47f1-98b9-1edbb13584bc|
09:21:53||node_modules/leaflet-draw/docs/examples/libs|8|1|1621248753||4096|2185856192oc5cc11235d1|4||201|0|0|2c890a87-267d-48a4-82d9-91bad506f9e3|
09:21:53||node_modules/leaflet-draw/docs/css/normalize.css|8|1|499162500|06f989ed3a12eaac5f9abe638fd420cf|7808|2185856188oc5cc11235d1|4||201|0|0|0494ed56-c607-4b51-b589-eb456b5363ba|
09:21:53||node_modules/leaflet-draw/docs/examples/basic.html|8|1|499162500|3532dfb71540798834ec189d020f1abe|4314|2185856196oc5cc11235d1|4||201|0|0|4d1b330d-59e8-49b9-83bc-8e817425fb58|
09:21:53||node_modules/leaflet-draw/docs/examples/edithandlers.html|8|1|499162500|c5e9bcf114bbfce96f8305a0f61978fb|2022|2185856200oc5cc11235d1|4||201|0|0|879dc875-a26c-4418-b699-4f9879e2619f|
09:21:53||node_modules/leaflet-draw/docs/examples/libs/images|8|1|1621248753||4096|2185856216oc5cc11235d1|4||201|0|0|becb0ffe-ae95-40a1-a223-7b72f80d4ed2|
09:21:53||node_modules/leaflet-draw/docs/examples/full.html|8|1|499162500|750a64c1bf6cb8b1b421a6ea720ad286|3380|2185856204oc5cc11235d1|4||201|0|0|95aafc8a-98b5-4eb5-9eec-fe6531b4e581|
09:21:53||node_modules/leaflet-draw/docs/examples/popup.html|8|1|499162500|22467870155df4d786aa277c2ce595e8|6083|2185856212oc5cc11235d1|4||201|0|0|5c2002f9-e04d-4dd8-961a-89c5fc687c0e|
09:21:53||node_modules/leaflet-draw/docs/examples/snapping.html|8|1|499162500|bf88d14fd1754ead1be1fdc06be25ea5|6759|2185856220oc5cc11235d1|4||201|0|0|92b916b1-b1eb-4206-b9f5-3bde687412d3|
09:21:54||node_modules/leaflet-draw/docs/examples/libs/Leaflet.draw.drag-src.js|8|1|499162500|641d30ab5de565bb2c6dbfd264b2ac3b|20979|2185856224oc5cc11235d1|4||201|0|0|aedade78-34e9-43bb-aa4e-84996ed288e0|
09:21:54||node_modules/leaflet-draw/docs/examples/libs/leaflet.css|8|1|499162500|55d3ed7753c37fd0e4cf488e9015a6e6|13562|2185856228oc5cc11235d1|4||201|0|0|4c3743d6-a9b3-4235-b7e8-0c0d87c76231|
09:21:54||node_modules/leaflet-draw/docs/examples/libs/leaflet-src.js|8|1|499162500|f38bbe66adaa710c737a338575775f72|388634|2185856232oc5cc11235d1|4||201|0|0|ef5f58f9-6c13-4aab-897d-63156f5e60c1|
09:21:54||node_modules/leaflet-draw/docs/examples/libs/images/layers-2x.png|8|1|499162500|53a0a3866efe169ffcee2ebf0ac38157|1259|2185856236oc5cc11235d1|4||201|0|0|4266b0ac-fda6-434f-a097-65e9aeb8be24|
09:21:54||node_modules/leaflet-draw/docs/examples/libs/leaflet-src.map|8|1|499162500|c7dffcd6380097586bbb57e948d4d6bf|477015|2185856240oc5cc11235d1|4||201|0|0|8856d46f-06e2-4114-b1f4-96990966c277|
09:21:54||node_modules/leaflet-draw/docs/examples/libs/images/marker-icon-2x.png|8|1|499162500|413f77e3072d17a604457404b4c4db57|2586|2185856248oc5cc11235d1|4||201|0|0|5147bc2d-33ad-482d-85f8-ba8f7086bd42|
09:21:54||node_modules/leaflet-draw/docs/examples/libs/images/marker-shadow.png|8|1|499162500|0097be3984a897596b473d1c01417907|618|2185856252oc5cc11235d1|4||201|0|0|6d34160d-8b70-48e8-9958-6385b34d9613|
09:21:54||node_modules/leaflet-draw/docs/examples/libs/images/marker-icon.png|8|1|499162500|3d87ed7913550ca161470e77121784c1|1466|2185856256oc5cc11235d1|4||201|0|0|b85446b5-a6a8-4138-8736-e54109242179|
09:21:54||node_modules/leaflet-draw/docs/examples/libs/leaflet.geometryutil.js|8|1|499162500|000601366fc4e1ba491073cea888d657|26302|2185856260oc5cc11235d1|4||201|0|0|f3172072-6bab-4ac8-b798-517fd7ac6778|
09:21:54||node_modules/leaflet-draw/docs/examples/libs/leaflet.snap.js|8|1|499162500|cdb696d53cae56624cbdb36051880727|11793|2185856268oc5cc11235d1|4||201|0|0|08b83ce4-5992-4a24-903d-2986ad87040b|
09:21:54||node_modules/leaflet-draw/docs/examples/libs/images/layers.png|8|1|499162500|33e4b535fc778a73ccc9d896395a148d|696|2185856276oc5cc11235d1|4||201|0|0|7ac466af-df06-458f-8ec3-9f014df8049a|
09:21:55||node_modules/leaflet-draw/docs/examples-0.7.x/libs|8|1|1621248753||4096|2185856284oc5cc11235d1|4||201|0|0|697269e5-1b42-4283-90cc-2f14320f5470|
09:21:54||node_modules/leaflet-draw/docs/examples/libs/spectrum.css|8|1|499162500|0a86996d56e50ba0a8a855ef34479b4a|14603|2185856280oc5cc11235d1|4||201|0|0|1476ad48-78a9-4063-b1c0-62516267ef61|
09:21:55||node_modules/leaflet-draw/docs/examples/libs/spectrum.js|8|1|499162500|7414122a87cbc2420847aceebe196baa|71243|2185856288oc5cc11235d1|4||201|0|0|993b17c2-6c55-417b-a1a3-5fdc415b27d4|
09:21:55||node_modules/leaflet-draw/docs/examples-0.7.x/basic.html|8|1|499162500|3833d644d18f53a0c25668c8d639a90a|4314|2185856292oc5cc11235d1|4||201|0|0|8bb74233-8dc1-4807-98e0-69b2409e6fbe|
09:21:55||node_modules/leaflet-draw/docs/examples-0.7.x/libs/images|8|1|1621248753||4096|2185856304oc5cc11235d1|4||201|0|0|9b91231c-969e-4510-a003-89e033439eb5|
09:21:55||node_modules/leaflet-draw/docs/examples-0.7.x/edithandlers.html|8|1|499162500|b1db3a18e922a3cabf8a5909118035c3|2022|2185856296oc5cc11235d1|4||201|0|0|15bf3033-8e7a-4384-87c1-df68a8afa594|
09:21:55||node_modules/leaflet-draw/docs/examples-0.7.x/full.html|8|1|499162500|25bf8a15064ee8f69feee13dda2cff73|3380|2185856300oc5cc11235d1|4||201|0|0|e8043c96-b786-474b-8223-bb4918aeab06|
09:21:55||node_modules/leaflet-draw/docs/examples-0.7.x/libs/Leaflet.draw.drag-src.js|8|1|499162500|6425668e3a9dc7de34a76acbbdd7ed14|20979|2185856308oc5cc11235d1|4||201|0|0|01d338df-de72-4fa7-a23c-f9d71e31732c|
09:21:55||node_modules/leaflet-draw/docs/examples-0.7.x/libs/leaflet-src.js|8|1|499162500|25ee2962e120ce3ef382edd88c670f22|215114|2185856316oc5cc11235d1|4||201|0|0|a78aa4d9-c93d-4c26-912f-961922f9004a|
09:21:55||node_modules/leaflet-draw/docs/examples-0.7.x/libs/leaflet.css|8|1|499162500|4a076dcf68fac9e0ae57db95bb55293f|9683|2185856320oc5cc11235d1|4||201|0|0|e71d9018-ae12-4625-8fb4-7729c1d0df4a|
09:21:55||node_modules/leaflet-draw/docs/examples-0.7.x/libs/leaflet.geometryutil.js|8|1|499162500|7578fc2ba97dd20e0d7abcd941461b1a|26302|2185856324oc5cc11235d1|4||201|0|0|f3107871-e423-4949-ada5-ad8ee38d5c40|
09:21:55||node_modules/leaflet-draw/docs/examples-0.7.x/libs/images/layers-2x.png|8|1|499162500|59e02629fa075c96f4aa5f013a0ed77b|2898|2185856332oc5cc11235d1|4||201|0|0|acd1a9a2-0ae1-4b68-af98-6192f9c83565|
09:21:55||node_modules/leaflet-draw/docs/examples-0.7.x/libs/images/layers.png|8|1|499162500|e4e18d22fd03121b212d81a9a0305151|1502|2185856340oc5cc11235d1|4||201|0|0|9efdd7e7-8cd1-4496-93d7-5bad789a3687|
09:21:55||node_modules/leaflet-draw/docs/examples-0.7.x/libs/images/marker-icon-2x.png|8|1|499162500|bca8b7ea49d61e96be4e265b9959a4b6|4033|2185856344oc5cc11235d1|4||201|0|0|af3be51b-f48b-4930-b7af-a0853924c6d7|
09:21:55||node_modules/leaflet-draw/docs/examples-0.7.x/libs/images/marker-icon.png|8|1|499162500|27faec951ab45ca8e415117982cb16a6|1747|2185856348oc5cc11235d1|4||201|0|0|3f2f6fe0-ef6c-4734-b384-69d5bd5793f8|
09:21:56||node_modules/leaflet-draw/docs/examples-0.7.x/libs/images/marker-icon@2x.png|8|1|499162500|c865221137f6b63dd2ea73a834c57d44|4033|2185856352oc5cc11235d1|4||201|0|0|f1a56907-53b4-43eb-8296-2908c7488dbc|
09:21:56||node_modules/leaflet-draw/docs/examples-0.7.x/libs/images/marker-shadow.png|8|1|499162500|52ef7514ea8841226e5666f589b63a99|797|2185856356oc5cc11235d1|4||201|0|0|f747ae9c-4a6a-48af-90fb-ce269d72a5ed|
09:21:56||node_modules/leaflet-draw/docs/examples-0.7.x/libs/leaflet.snap.js|8|1|499162500|02d9d75d8d619aa9eeffc1a07918e826|11793|2185856364oc5cc11235d1|4||201|0|0|b9ffacb1-0d7a-4989-a67f-06c61cc4f59d|
09:21:56||node_modules/leaflet-draw/docs/examples-0.7.x/libs/spectrum.css|8|1|499162500|a814c7273ec1c185d70e6346b7382198|14603|2185856368oc5cc11235d1|4||201|0|0|046aa5d8-cf08-4e93-a497-12436c0e2db6|
09:21:56||node_modules/leaflet-draw/docs/highlight/styles|8|1|1621248753||0|2185856380oc5cc11235d1|4||201|0|0|d2ff31a5-a4ba-4d84-bb4f-758429529502|
09:21:56||node_modules/leaflet-draw/docs/examples-0.7.x/snapping.html|8|1|499162500|12e2d3141593feea35a98c5f7c87bd7a|6759|2185856372oc5cc11235d1|4||201|0|0|44f9c415-58c8-4326-bc2c-87c45af73ad1|
09:21:56||node_modules/leaflet-draw/docs/examples-0.7.x/libs/spectrum.js|8|1|499162500|58fe0125f7a00ddc2c189efac7a6f2e0|71243|2185856376oc5cc11235d1|4||201|0|0|2a4aaf83-cda1-4a30-919a-e60266565ea9|
09:21:56||node_modules/leaflet-draw/docs/highlight/LICENSE|8|1|499162500|ae954641798054c0d29cdc1ca893d72a|1498|2185856384oc5cc11235d1|4||201|0|0|f3bd8b9e-66c9-432b-b7fa-120bceff46f6|
09:21:56||node_modules/leaflet-draw/docs/highlight/highlight.pack.js|8|1|499162500|e91baf2557a239d2a3d055a4816d2610|12251|2185856388oc5cc11235d1|4||201|0|0|555eac10-f2df-4ae1-9ab2-9bfcec13a42b|
09:21:56||node_modules/leaflet-draw/docs/images/favicon.ico|8|1|499162500|55637d78b19ed0b25baacc291b3b7f34|32988|2185856396oc5cc11235d1|4||201|0|0|46da382b-9cd0-4fbe-981d-6d75109338e5|
09:21:56||node_modules/leaflet-draw/docs/images/github-round.png|8|1|499162500|13163bcfb958ad9665a5856efd48ed1d|2132|2185856400oc5cc11235d1|4||201|0|0|1959ca44-131d-4a93-84b2-8a848a7cc5de|
09:21:56||node_modules/leaflet-draw/docs/images/forum-round.png|8|1|499162500|f9a5cf439a41e4f9d0a1c00fe503cddb|1822|2185856408oc5cc11235d1|4||201|0|0|d27a1019-11bc-41af-9c56-cf47527b3dd6|
09:21:56||node_modules/leaflet-draw/docs/images/sprite.png|8|1|499162500|3956d1b190d2a0d755ae427ba9dc68a3|2018|2185856416oc5cc11235d1|4||201|0|0|b802cea7-9e9f-4617-9e80-0dccaf37166b|
09:21:56||node_modules/leaflet-draw/docs/images/sprite.svg|8|1|499162500|98c5a2c4a5fc09ba167ade461fd815dd|6371|2185856420oc5cc11235d1|4||201|0|0|ebcd7c6c-0bcb-4114-8eec-57c1fecfdfe2|
09:21:56||node_modules/leaflet-draw/docs/highlight/styles/github-gist.css|8|1|499162500|c1c9b7f321cb65e40eb0e899ac7d5ec1|4132|2185856412oc5cc11235d1|4||201|0|0|f10022ba-5c5b-44a0-9b33-4b8a58a357b2|
09:21:57||node_modules/leaflet-draw/docs/js|8|1|1621248753||0|2185856440oc5cc11235d1|4||201|0|0|cabdd085-acf7-4e85-af76-a83280e277ee|
09:21:57||node_modules/leaflet-draw/docs/images/twitter-round.png|8|1|499162500|e91c2c78c88946927e0e3f65e7126ba5|2177|2185856428oc5cc11235d1|4||201|0|0|137711ae-af56-4b30-b571-224926ce697f|
09:21:57||node_modules/leaflet-draw/docs/images/twitter.png|8|1|499162500|9b9c172051bbe4abbd5317399a76d8a9|444|2185856436oc5cc11235d1|4||201|0|0|aef22794-785d-4e7a-a1ef-ff0cba5e58b2|
09:21:57||node_modules/leaflet-draw/docs/leaflet-draw-0.4.12.html|8|1|499162500|97e93a4b81c1333844781b9ee351b934|67588|2185856448oc5cc11235d1|4||201|0|0|0f694888-1fe7-48d9-a809-f19a51150b5b|
09:21:57||node_modules/leaflet-draw/docs/leaflet-draw-0.4.14.html|8|1|499162500|d9a4d6e6dd22d9e88e0ae7827c03f2e0|67760|2185856452oc5cc11235d1|4||201|0|0|be5277df-9af4-45fd-b297-28142f5a153a|
09:21:57||node_modules/leaflet-draw/docs/leaflet-draw-0.4.3.html|8|1|499162500|091374c0e3452d513ca7672edbc9c2f5|56666|2185856460oc5cc11235d1|4||201|0|0|46f57ba0-6e0c-4d31-8075-3c93ff40876c|
09:21:57||node_modules/leaflet-draw/docs/leaflet-draw-0.4.2.html|8|1|499162500|8ec7847f43e8b3d15a27c4650ac35ac1|55768|2185856464oc5cc11235d1|4||201|0|0|e1250a93-c6db-44ef-9e1b-f38a488e6c36|
09:21:57||node_modules/leaflet-draw/docs/leaflet-draw-0.4.4.html|8|1|499162500|987d82b49c93a2253b305a5006d5d0e3|56981|2185856468oc5cc11235d1|4||201|0|0|d7d836fe-9fa6-48d4-bf0f-0d4b9bfc2260|
09:21:57||node_modules/leaflet-draw/docs/js/docs.js|8|1|499162500|f798adcda073364997cb6ac77cba0b08|1277|2185856472oc5cc11235d1|4||201|0|0|212d8391-6f47-4974-953f-e0ae1eca08db|
09:21:57||node_modules/leaflet-draw/docs/leaflet-draw-0.4.5.html|8|1|499162500|3bdca80d8257f74108b7bd632b4a6ce8|59843|2185856476oc5cc11235d1|4||201|0|0|52f8574f-5fb7-4da8-9336-a63af85e1210|
09:21:57||node_modules/leaflet-draw/docs/leaflet-draw-0.4.9.html|8|1|499162500|5b374cb2a8e2fa68b7a72e068d01e76f|63367|2185856484oc5cc11235d1|4||201|0|0|d587c96c-30ac-4218-b2c1-5729ca3d7ed2|
09:21:57||node_modules/leaflet-draw/docs/leaflet-draw-0.4.7.html|8|1|499162500|aa07987565adb90a806dee28751eba26|59843|2185856480oc5cc11235d1|4||201|0|0|68756bfa-ff3d-4c94-8c61-70dfcab1283a|
09:21:57||node_modules/leaflet-draw/docs/leaflet-draw-1.0.0.html|8|1|499162500|ba69a75f901091b75da0df829b02ba38|67760|2185856488oc5cc11235d1|4||201|0|0|aff71c0e-83bc-4d7e-a8e2-f689ca4e3ebb|
09:21:58||node_modules/leaflet-draw/docs/leaflet-draw-1.0.1.html|8|1|499162500|0952f9249a293cffa6b4ad6f226399c0|67760|2185856492oc5cc11235d1|4||201|0|0|14b947bf-9531-472a-963f-4fd3f00a6e5e|
09:21:58||node_modules/leaflet-draw/docs/leaflet-draw-latest.html|8|1|499162500|b176148089196e13f3b365384dbb3685|67760|2185856500oc5cc11235d1|4||201|0|0|b7b59c50-a396-4a9e-a1d1-1ea5304986f2|
#=#=#=# Syncrun finished 2021-05-28T09:21:58Z (last step: 9467 msec, total: 11282 msec)
#=#=#=# Syncrun started 2021-05-28T09:22:03Z
#=#=#=#=# Propagation starts 2021-05-28T09:22:05Z (last step: 1354 msec, total: 1354 msec)
#=#=#=# Syncrun finished 2021-05-28T09:22:05Z (last step: 109 msec, total: 1464 msec)
#=#=#=# Syncrun started 2021-05-28T09:23:01Z
#=#=#=#=# Propagation starts 2021-05-28T09:23:01Z (last step: 235 msec, total: 235 msec)
#=#=#=# Syncrun finished 2021-05-28T09:23:01Z (last step: 11 msec, total: 246 msec)
#=#=#=# Syncrun started 2021-05-28T11:09:36Z
#=#=#=#=# Propagation starts 2021-05-28T11:09:36Z (last step: 335 msec, total: 335 msec)
#=#=#=# Syncrun finished 2021-05-28T11:09:36Z (last step: 30 msec, total: 365 msec)
#=#=#=# Syncrun started 2021-05-28T13:09:37Z
#=#=#=#=# Propagation starts 2021-05-28T13:09:37Z (last step: 258 msec, total: 258 msec)
#=#=#=# Syncrun finished 2021-05-28T13:09:37Z (last step: 25 msec, total: 284 msec)
#=#=#=# Syncrun started 2021-05-28T16:16:04Z
#=#=#=# Syncrun finished 2021-05-29T07:22:50Z (last step: 54416437 msec, total: 54416437 msec)
#=#=#=# Syncrun started 2021-05-29T07:23:51Z
#=#=#=#=# Propagation starts 2021-05-29T07:23:51Z (last step: 407 msec, total: 407 msec)
#=#=#=# Syncrun finished 2021-05-29T07:23:51Z (last step: 43 msec, total: 450 msec)
#=#=#=# Syncrun started 2021-05-29T09:23:53Z
#=#=#=#=# Propagation starts 2021-05-29T09:23:53Z (last step: 287 msec, total: 287 msec)
#=#=#=# Syncrun finished 2021-05-29T09:23:53Z (last step: 36 msec, total: 324 msec)
#=#=#=# Syncrun started 2021-05-29T11:04:35Z
#=#=#=#=# Propagation starts 2021-05-29T11:04:35Z (last step: 274 msec, total: 274 msec)
#=#=#=# Syncrun finished 2021-05-29T11:04:35Z (last step: 36 msec, total: 311 msec)
#=#=#=# Syncrun started 2021-05-29T15:07:31Z
#=#=#=# Syncrun finished 2021-05-30T09:21:50Z (last step: 65668884 msec, total: 65668884 msec)
#=#=#=# Syncrun started 2021-05-30T09:22:52Z
#=#=#=#=# Propagation starts 2021-05-30T09:22:52Z (last step: 435 msec, total: 435 msec)
#=#=#=# Syncrun finished 2021-05-30T09:22:52Z (last step: 36 msec, total: 471 msec)
#=#=#=# Syncrun started 2021-05-30T14:14:43Z
#=#=#=# Syncrun finished 2021-05-30T14:14:44Z (last step: 482 msec, total: 482 msec)
#=#=#=# Syncrun started 2021-05-30T18:55:03Z
#=#=#=#=# Propagation starts 2021-05-30T18:55:03Z (last step: 476 msec, total: 476 msec)
#=#=#=# Syncrun finished 2021-05-30T18:55:04Z (last step: 45 msec, total: 522 msec)
#=#=#=# Syncrun started 2021-05-30T20:55:05Z
#=#=#=#=# Propagation starts 2021-05-30T20:55:05Z (last step: 241 msec, total: 241 msec)
#=#=#=# Syncrun finished 2021-05-30T20:55:05Z (last step: 26 msec, total: 268 msec)
#=#=#=# Syncrun started 2021-05-31T06:37:45Z
#=#=#=#=# Propagation starts 2021-05-31T06:37:46Z (last step: 315 msec, total: 315 msec)
#=#=#=# Syncrun finished 2021-05-31T06:37:46Z (last step: 38 msec, total: 353 msec)
#=#=#=# Syncrun started 2021-05-31T08:02:51Z
#=#=#=#=# Propagation starts 2021-05-31T08:02:51Z (last step: 368 msec, total: 368 msec)
08:02:51||exercise04/index.html|64|1|1622448169|b182e637bf02dc394a83e57049e82d41|6054|2185856000oc5cc11235d1|4||204|6016|1622032015|86c0acf8-5d5f-4086-abc8-b3974b954a7a|
#=#=#=# Syncrun finished 2021-05-31T08:02:52Z (last step: 587 msec, total: 955 msec)
#=#=#=# Syncrun started 2021-05-31T08:03:16Z
#=#=#=#=# Propagation starts 2021-05-31T08:03:17Z (last step: 458 msec, total: 458 msec)
08:03:16||exercise04/index.html|64|1|1622448194|6aeacdb80cc12cba2b5ea639ff417261|6055|2185856000oc5cc11235d1|4||204|6054|1622448169|4076e093-9f81-4922-a9b9-4336fe143fa1|
#=#=#=# Syncrun finished 2021-05-31T08:03:17Z (last step: 330 msec, total: 789 msec)
#=#=#=# Syncrun started 2021-05-31T08:03:51Z
#=#=#=#=# Propagation starts 2021-05-31T08:03:51Z (last step: 460 msec, total: 460 msec)
08:03:51||exercise04/index.html|64|1|1622448229|bd7cf2041bcf4e4802d992ab7250991f|6083|2185856000oc5cc11235d1|4||204|6055|1622448194|6b12f4d4-7832-4329-8cf3-133e16ea0f43|
#=#=#=# Syncrun finished 2021-05-31T08:03:51Z (last step: 428 msec, total: 888 msec)
#=#=#=# Syncrun started 2021-05-31T08:04:08Z
#=#=#=#=# Propagation starts 2021-05-31T08:04:09Z (last step: 484 msec, total: 484 msec)
08:04:09||exercise04/index.html|64|1|1622448246|2fda8d94820986dbb1efa6cd97eb35b5|6084|2185856000oc5cc11235d1|4||204|6083|1622448229|67326eb4-f0f1-42e4-b837-f390aa5756b8|
#=#=#=# Syncrun finished 2021-05-31T08:04:09Z (last step: 497 msec, total: 981 msec)
#=#=#=# Syncrun started 2021-05-31T08:04:20Z
#=#=#=#=# Propagation starts 2021-05-31T08:04:20Z (last step: 445 msec, total: 445 msec)
08:04:20||exercise04/index.html|64|1|1622448258|a7b1ad5a6557608bdb93c1e752292040|6084|2185856000oc5cc11235d1|4||204|6084|1622448246|ca6e8bb9-f0dc-49b7-ab4e-87d29340c493|
#=#=#=# Syncrun finished 2021-05-31T08:04:21Z (last step: 419 msec, total: 865 msec)
#=#=#=# Syncrun started 2021-05-31T08:05:13Z
#=#=#=#=# Propagation starts 2021-05-31T08:05:14Z (last step: 339 msec, total: 339 msec)
#=#=#=# Syncrun finished 2021-05-31T08:05:14Z (last step: 27 msec, total: 367 msec)
#=#=#=# Syncrun started 2021-05-31T08:07:10Z
#=#=#=#=# Propagation starts 2021-05-31T08:07:11Z (last step: 286 msec, total: 286 msec)
08:07:10||exercise04/index.html|64|1|1622448428|a54bbc1bad9dbbf6fc25537b719c21f5|6085|2185856000oc5cc11235d1|4||204|6084|1622448258|cdeb031c-dcf1-4278-acf0-af6c290b8509|
#=#=#=# Syncrun finished 2021-05-31T08:07:11Z (last step: 302 msec, total: 588 msec)
#=#=#=# Syncrun started 2021-05-31T08:07:43Z
#=#=#=#=# Propagation starts 2021-05-31T08:07:44Z (last step: 468 msec, total: 468 msec)
#=#=#=# Syncrun finished 2021-05-31T08:07:44Z (last step: 33 msec, total: 501 msec)
#=#=#=# Syncrun started 2021-05-31T08:11:37Z
#=#=#=#=# Propagation starts 2021-05-31T08:11:38Z (last step: 286 msec, total: 286 msec)
08:11:37||exercise04/index.html|64|1|1622448695|693acfcda3b576e8767e83c8d5e0941c|6113|2185856000oc5cc11235d1|4||204|6085|1622448428|e11c85f5-7481-4867-933d-8ff4ab2b915f|
#=#=#=# Syncrun finished 2021-05-31T08:11:38Z (last step: 322 msec, total: 609 msec)
#=#=#=# Syncrun started 2021-05-31T08:12:14Z
#=#=#=#=# Propagation starts 2021-05-31T08:12:14Z (last step: 455 msec, total: 455 msec)
#=#=#=# Syncrun finished 2021-05-31T08:12:14Z (last step: 42 msec, total: 498 msec)
#=#=#=# Syncrun started 2021-05-31T08:12:29Z
#=#=#=#=# Propagation starts 2021-05-31T08:12:29Z (last step: 402 msec, total: 402 msec)
08:12:29||exercise04/index.html|64|1|1622448747|0012c7c5508c15d579799fa99dbac186|6132|2185856000oc5cc11235d1|4||204|6113|1622448695|7df4ca54-ee43-4dfa-af2d-8a8a7a9d001c|
#=#=#=# Syncrun finished 2021-05-31T08:12:29Z (last step: 308 msec, total: 711 msec)
#=#=#=# Syncrun started 2021-05-31T08:13:04Z
#=#=#=#=# Propagation starts 2021-05-31T08:13:04Z (last step: 385 msec, total: 385 msec)
08:13:04||exercise04/index.html|64|1|1622448782|a8a6caf9611cc7c636010686bd2f7c70|6133|2185856000oc5cc11235d1|4||204|6132|1622448747|442f03dc-d9c7-465f-aa5c-f68f457e9080|
#=#=#=# Syncrun finished 2021-05-31T08:13:04Z (last step: 310 msec, total: 695 msec)
#=#=#=# Syncrun started 2021-05-31T08:13:43Z
#=#=#=#=# Propagation starts 2021-05-31T08:13:44Z (last step: 438 msec, total: 438 msec)
#=#=#=# Syncrun finished 2021-05-31T08:13:44Z (last step: 47 msec, total: 485 msec)
#=#=#=# Syncrun started 2021-05-31T08:40:20Z
#=#=#=#=# Propagation starts 2021-05-31T08:40:20Z (last step: 266 msec, total: 266 msec)
08:40:20||exercise04/index.html|64|1|1622450418|6ffcbd853287eb100bf9b3afc24f3944|6134|2185856000oc5cc11235d1|4||204|6133|1622448782|b5b47746-cf32-417c-bf6b-ba6a2ac1a883|
#=#=#=# Syncrun finished 2021-05-31T08:40:20Z (last step: 321 msec, total: 587 msec)
#=#=#=# Syncrun started 2021-05-31T08:41:14Z
#=#=#=#=# Propagation starts 2021-05-31T08:41:14Z (last step: 485 msec, total: 485 msec)
#=#=#=# Syncrun finished 2021-05-31T08:41:14Z (last step: 30 msec, total: 516 msec)
#=#=#=# Syncrun started 2021-05-31T08:44:08Z
#=#=#=#=# Propagation starts 2021-05-31T08:44:08Z (last step: 377 msec, total: 377 msec)
08:44:08||exercise04/index.html|64|1|1622450646|7a93924781cbdc0ee06f7257c1f78f85|6144|2185856000oc5cc11235d1|4||204|6134|1622450418|f9a7052c-d112-4816-b545-0eaf3f116e21|
#=#=#=# Syncrun finished 2021-05-31T08:44:08Z (last step: 370 msec, total: 747 msec)
#=#=#=# Syncrun started 2021-05-31T08:44:44Z
#=#=#=#=# Propagation starts 2021-05-31T08:44:44Z (last step: 367 msec, total: 367 msec)
#=#=#=# Syncrun finished 2021-05-31T08:44:44Z (last step: 45 msec, total: 412 msec)
#=#=#=# Syncrun started 2021-05-31T08:44:49Z
#=#=#=#=# Propagation starts 2021-05-31T08:44:49Z (last step: 186 msec, total: 186 msec)
08:44:49||exercise04/index.html|64|1|1622450687|a54986f411d4219615536ddc49b52714|6135|2185856000oc5cc11235d1|4||204|6144|1622450646|6519236a-2551-4cd5-afac-4d52e2c2da4c|
#=#=#=# Syncrun finished 2021-05-31T08:44:50Z (last step: 430 msec, total: 616 msec)
#=#=#=# Syncrun started 2021-05-31T08:45:44Z
#=#=#=#=# Propagation starts 2021-05-31T08:45:44Z (last step: 453 msec, total: 453 msec)
#=#=#=# Syncrun finished 2021-05-31T08:45:44Z (last step: 34 msec, total: 488 msec)
#=#=#=# Syncrun started 2021-05-31T09:14:19Z
#=#=#=#=# Propagation starts 2021-05-31T09:14:20Z (last step: 344 msec, total: 344 msec)
09:14:19||exercise04/index.html|64|1|1622452457|a582d4f7e8875d3e7ef4c92609cfa185|6914|2185856000oc5cc11235d1|4||204|6135|1622450687|ba7cd7fe-7141-4f83-b320-8cb8986fe962|
#=#=#=# Syncrun finished 2021-05-31T09:14:20Z (last step: 398 msec, total: 742 msec)
#=#=#=# Syncrun started 2021-05-31T09:15:14Z
#=#=#=#=# Propagation starts 2021-05-31T09:15:14Z (last step: 431 msec, total: 431 msec)
#=#=#=# Syncrun finished 2021-05-31T09:15:15Z (last step: 29 msec, total: 461 msec)
#=#=#=# Syncrun started 2021-05-31T09:17:34Z
#=#=#=#=# Propagation starts 2021-05-31T09:17:34Z (last step: 294 msec, total: 294 msec)
09:17:34||exercise04/index.html|64|1|1622452652|a515c07c726c9acbdf8e081a4146676f|7029|2185856000oc5cc11235d1|4||204|6914|1622452457|f0ea2ed2-eace-49fb-8522-6b34a036a214|
#=#=#=# Syncrun finished 2021-05-31T09:17:34Z (last step: 339 msec, total: 634 msec)
#=#=#=# Syncrun started 2021-05-31T09:18:14Z
#=#=#=#=# Propagation starts 2021-05-31T09:18:15Z (last step: 496 msec, total: 496 msec)
#=#=#=# Syncrun finished 2021-05-31T09:18:15Z (last step: 49 msec, total: 546 msec)
#=#=#=# Syncrun started 2021-05-31T09:19:08Z
#=#=#=#=# Propagation starts 2021-05-31T09:19:08Z (last step: 323 msec, total: 323 msec)
09:19:08||exercise04/index.html|64|1|1622452746|f3c0d276de664229e75240c8f39d5195|7090|2185856000oc5cc11235d1|4||204|7029|1622452652|b8349982-ca52-444d-9589-a7d54b363173|
#=#=#=# Syncrun finished 2021-05-31T09:19:08Z (last step: 325 msec, total: 649 msec)
#=#=#=# Syncrun started 2021-05-31T09:19:44Z
#=#=#=#=# Propagation starts 2021-05-31T09:19:44Z (last step: 409 msec, total: 409 msec)
#=#=#=# Syncrun finished 2021-05-31T09:19:44Z (last step: 25 msec, total: 435 msec)
#=#=#=# Syncrun started 2021-05-31T09:21:06Z
#=#=#=#=# Propagation starts 2021-05-31T09:21:06Z (last step: 304 msec, total: 304 msec)
09:21:06||exercise04/index.html|64|1|1622452864|28d80c8ff83990932b56de44a8053fcd|7608|2185856000oc5cc11235d1|4||204|7090|1622452746|abe2dabc-a2ec-4850-b6da-619bf85aec2c|
#=#=#=# Syncrun finished 2021-05-31T09:21:07Z (last step: 323 msec, total: 627 msec)
#=#=#=# Syncrun started 2021-05-31T09:21:13Z
#=#=#=#=# Propagation starts 2021-05-31T09:21:14Z (last step: 402 msec, total: 402 msec)
09:21:14||exercise04/index.html|64|1|1622452871|3288679026a69ae05967c26867a7b0de|7626|2185856000oc5cc11235d1|4||204|7608|1622452864|db3d625d-0495-42da-997a-80055dad92b2|
#=#=#=# Syncrun finished 2021-05-31T09:21:14Z (last step: 391 msec, total: 793 msec)
#=#=#=# Syncrun started 2021-05-31T09:22:10Z
#=#=#=#=# Propagation starts 2021-05-31T09:22:11Z (last step: 441 msec, total: 441 msec)
09:22:10||exercise04/index.html|64|1|1622452928|e7920870cb60068230ed9f92d1c5cc3b|6844|2185856000oc5cc11235d1|4||204|7626|1622452871|5b20b45a-66f4-46d3-8ef4-8fe94643bfb3|
#=#=#=# Syncrun finished 2021-05-31T09:22:11Z (last step: 362 msec, total: 804 msec)
#=#=#=# Syncrun started 2021-05-31T09:22:44Z
#=#=#=#=# Propagation starts 2021-05-31T09:22:44Z (last step: 506 msec, total: 506 msec)
#=#=#=# Syncrun finished 2021-05-31T09:22:44Z (last step: 29 msec, total: 536 msec)
#=#=#=# Syncrun started 2021-05-31T09:25:26Z
#=#=#=#=# Propagation starts 2021-05-31T09:25:26Z (last step: 303 msec, total: 303 msec)
09:25:26||exercise04/index.html|64|1|1622453124|cc23156d8dcf1f7ef5af09e7a34c1d03|6714|2185856000oc5cc11235d1|4||204|6844|1622452928|4eccf130-c92b-4e90-8dd9-bf316fa93593|
#=#=#=# Syncrun finished 2021-05-31T09:25:27Z (last step: 305 msec, total: 609 msec)
#=#=#=# Syncrun started 2021-05-31T09:26:14Z
#=#=#=#=# Propagation starts 2021-05-31T09:26:15Z (last step: 549 msec, total: 549 msec)
#=#=#=# Syncrun finished 2021-05-31T09:26:15Z (last step: 32 msec, total: 581 msec)
#=#=#=# Syncrun started 2021-05-31T09:26:32Z
#=#=#=#=# Propagation starts 2021-05-31T09:26:32Z (last step: 432 msec, total: 432 msec)
09:26:32||exercise04/index.html|64|1|1622453190|30e9c7a6632e938223a8c11a19fb62c9|6846|2185856000oc5cc11235d1|4||204|6714|1622453124|72d98395-d3ee-4d84-9445-00f67fe73653|
#=#=#=# Syncrun finished 2021-05-31T09:26:33Z (last step: 459 msec, total: 891 msec)
#=#=#=# Syncrun started 2021-05-31T09:27:14Z
#=#=#=#=# Propagation starts 2021-05-31T09:27:14Z (last step: 471 msec, total: 471 msec)
#=#=#=# Syncrun finished 2021-05-31T09:27:14Z (last step: 54 msec, total: 525 msec)
#=#=#=# Syncrun started 2021-05-31T09:27:36Z
#=#=#=#=# Propagation starts 2021-05-31T09:27:36Z (last step: 337 msec, total: 337 msec)
09:27:36||exercise04/index.html|64|1|1622453254|fa731e31ec6f0c99d1ff86d4fc3afc8e|7096|2185856000oc5cc11235d1|4||204|6846|1622453190|27fc36b1-cc53-4724-bd6a-591c92696cc2|
#=#=#=# Syncrun finished 2021-05-31T09:27:36Z (last step: 375 msec, total: 713 msec)
#=#=#=# Syncrun started 2021-05-31T09:27:56Z
#=#=#=#=# Propagation starts 2021-05-31T09:27:56Z (last step: 482 msec, total: 482 msec)
09:27:56||exercise04/index.html|64|1|1622453274|99ae6c9538654e56636851ec720e95a4|6829|2185856000oc5cc11235d1|4||204|7096|1622453254|1f1ad14b-fa93-4857-9558-e5f958400cb2|
#=#=#=# Syncrun finished 2021-05-31T09:27:57Z (last step: 396 msec, total: 879 msec)
#=#=#=# Syncrun started 2021-05-31T09:28:44Z
#=#=#=#=# Propagation starts 2021-05-31T09:28:44Z (last step: 461 msec, total: 461 msec)
#=#=#=# Syncrun finished 2021-05-31T09:28:44Z (last step: 32 msec, total: 494 msec)
#=#=#=# Syncrun started 2021-05-31T09:31:38Z
#=#=#=#=# Propagation starts 2021-05-31T09:31:38Z (last step: 307 msec, total: 307 msec)
09:31:38||exercise04/index.html|64|1|1622453496|c8a738b231952239bf27600178c49885|6831|2185856000oc5cc11235d1|4||204|6829|1622453274|78b3566e-5199-4a03-9175-482423d95517|
#=#=#=# Syncrun finished 2021-05-31T09:31:38Z (last step: 364 msec, total: 671 msec)
#=#=#=# Syncrun started 2021-05-31T09:32:14Z
#=#=#=#=# Propagation starts 2021-05-31T09:32:15Z (last step: 711 msec, total: 711 msec)
#=#=#=# Syncrun finished 2021-05-31T09:32:15Z (last step: 29 msec, total: 740 msec)
#=#=#=# Syncrun started 2021-05-31T09:34:26Z
#=#=#=#=# Propagation starts 2021-05-31T09:34:26Z (last step: 395 msec, total: 395 msec)
09:34:26||exercise04/index.html|64|1|1622453664|c5266fdd964fe69e9a6a84b3879f9049|7706|2185856000oc5cc11235d1|4||204|6831|1622453496|2414afdc-31fb-4ba2-afff-e48631abf452|
#=#=#=# Syncrun finished 2021-05-31T09:34:27Z (last step: 357 msec, total: 752 msec)
#=#=#=# Syncrun started 2021-05-31T09:35:14Z
#=#=#=#=# Propagation starts 2021-05-31T09:35:15Z (last step: 475 msec, total: 475 msec)
#=#=#=# Syncrun finished 2021-05-31T09:35:15Z (last step: 31 msec, total: 506 msec)
#=#=#=# Syncrun started 2021-05-31T09:36:52Z
#=#=#=#=# Propagation starts 2021-05-31T09:36:52Z (last step: 199 msec, total: 199 msec)
09:36:51||exercise04/index.html|64|1|1622453810|c992af0133c18b33268a698d88ccdb54|7786|2185856000oc5cc11235d1|4||204|7706|1622453664|7f47a4be-a51b-4279-bdbc-0fd7fb5b0dca|
#=#=#=# Syncrun finished 2021-05-31T09:36:52Z (last step: 378 msec, total: 577 msec)
#=#=#=# Syncrun started 2021-05-31T09:37:33Z
#=#=#=#=# Propagation starts 2021-05-31T09:37:34Z (last step: 549 msec, total: 549 msec)
09:37:33||exercise04/index.html|64|1|1622453851|c3ed87a2977531e493b81240e6cb504d|7785|2185856000oc5cc11235d1|4||204|7786|1622453810|fe89f522-5b48-4205-a38d-8ec46ce677ab|
#=#=#=# Syncrun finished 2021-05-31T09:37:34Z (last step: 366 msec, total: 916 msec)
#=#=#=# Syncrun started 2021-05-31T09:38:10Z
#=#=#=#=# Propagation starts 2021-05-31T09:38:11Z (last step: 578 msec, total: 578 msec)
09:38:10||exercise04/index.html|64|1|1622453888|882688e435e9223138ed0d5be6073669|7781|2185856000oc5cc11235d1|4||204|7785|1622453851|1d4db156-1371-42a1-8d58-1713887d641f|
#=#=#=# Syncrun finished 2021-05-31T09:38:11Z (last step: 343 msec, total: 921 msec)
#=#=#=# Syncrun started 2021-05-31T09:38:40Z
#=#=#=#=# Propagation starts 2021-05-31T09:38:41Z (last step: 552 msec, total: 552 msec)
09:38:40||exercise04/index.html|64|1|1622453918|03e85e2ada76f5175cc968df6d569b2f|7793|2185856000oc5cc11235d1|4||204|7781|1622453888|b67f4c8c-6dc8-4ada-aa43-93fdf3f461d3|
#=#=#=# Syncrun finished 2021-05-31T09:38:41Z (last step: 416 msec, total: 968 msec)
#=#=#=# Syncrun started 2021-05-31T09:38:56Z
#=#=#=#=# Propagation starts 2021-05-31T09:38:57Z (last step: 500 msec, total: 500 msec)
09:38:56||exercise04/index.html|64|1|1622453934|4ff3446c5e4b0396a268e57dfa628347|7786|2185856000oc5cc11235d1|4||204|7793|1622453918|51ee7523-fe9c-466c-b8fd-2cfa8d5d5914|
#=#=#=# Syncrun finished 2021-05-31T09:38:57Z (last step: 303 msec, total: 804 msec)
#=#=#=# Syncrun started 2021-05-31T09:39:44Z
#=#=#=#=# Propagation starts 2021-05-31T09:39:45Z (last step: 480 msec, total: 480 msec)
#=#=#=# Syncrun finished 2021-05-31T09:39:45Z (last step: 31 msec, total: 512 msec)
#=#=#=# Syncrun started 2021-05-31T09:46:36Z
#=#=#=#=# Propagation starts 2021-05-31T09:46:36Z (last step: 372 msec, total: 372 msec)
09:46:36||exercise04/index.html|64|1|1622454394|202d52751671b95c55f30545863a0ee9|7752|2185856000oc5cc11235d1|4||204|7786|1622453934|1fde975e-fc4f-4d7f-a518-576b9552ca64|
#=#=#=# Syncrun finished 2021-05-31T09:46:37Z (last step: 370 msec, total: 743 msec)
#=#=#=# Syncrun started 2021-05-31T09:47:14Z
#=#=#=#=# Propagation starts 2021-05-31T09:47:15Z (last step: 621 msec, total: 621 msec)
#=#=#=# Syncrun finished 2021-05-31T09:47:15Z (last step: 27 msec, total: 648 msec)
#=#=#=# Syncrun started 2021-05-31T09:47:28Z
#=#=#=#=# Propagation starts 2021-05-31T09:47:29Z (last step: 311 msec, total: 311 msec)
09:47:28||exercise04/style.css|64|1|1622454446|1e9b1805ff12e56e6f239860ffc74e8b|215|2185856028oc5cc11235d1|4||204|217|1622030121|7ce5156b-8386-4f26-ab7f-e882d5da8047|
#=#=#=# Syncrun finished 2021-05-31T09:47:29Z (last step: 315 msec, total: 627 msec)
#=#=#=# Syncrun started 2021-05-31T09:47:52Z
#=#=#=#=# Propagation starts 2021-05-31T09:47:53Z (last step: 438 msec, total: 438 msec)
09:47:53||exercise04/style.css|64|1|1622454470|8763e77cc2d63df35ea7d5641348bd1b|216|2185856028oc5cc11235d1|4||204|215|1622454446|ced4f0c3-61bc-42be-96d9-14d99934c10e|
#=#=#=# Syncrun finished 2021-05-31T09:47:53Z (last step: 309 msec, total: 747 msec)
#=#=#=# Syncrun started 2021-05-31T09:48:44Z
#=#=#=#=# Propagation starts 2021-05-31T09:48:45Z (last step: 481 msec, total: 481 msec)
#=#=#=# Syncrun finished 2021-05-31T09:48:45Z (last step: 30 msec, total: 511 msec)
#=#=#=# Syncrun started 2021-05-31T09:50:21Z
#=#=#=#=# Propagation starts 2021-05-31T09:50:21Z (last step: 278 msec, total: 278 msec)
09:50:21||exercise04/style.css|64|1|1622454619|a545724eb9e0ec034b740586d26894b5|267|2185856028oc5cc11235d1|4||204|216|1622454470|2b0eeb10-6de1-4871-8de7-0732a0c5731d|
#=#=#=# Syncrun finished 2021-05-31T09:50:21Z (last step: 321 msec, total: 600 msec)
#=#=#=# Syncrun started 2021-05-31T09:51:10Z
#=#=#=#=# Propagation starts 2021-05-31T09:51:11Z (last step: 524 msec, total: 524 msec)
09:51:11||exercise04/style.css|64|1|1622454668|cd9ca4f97ed98584299e8feec48d4157|289|2185856028oc5cc11235d1|4||204|267|1622454619|e66d21bf-ec4d-4759-80df-df57e88b5a47|
#=#=#=# Syncrun finished 2021-05-31T09:51:11Z (last step: 317 msec, total: 842 msec)
#=#=#=# Syncrun started 2021-05-31T09:51:44Z
#=#=#=#=# Propagation starts 2021-05-31T09:51:44Z (last step: 373 msec, total: 373 msec)
#=#=#=# Syncrun finished 2021-05-31T09:51:44Z (last step: 39 msec, total: 413 msec)
#=#=#=# Syncrun started 2021-05-31T09:51:59Z
#=#=#=#=# Propagation starts 2021-05-31T09:52:00Z (last step: 337 msec, total: 337 msec)
09:51:59||exercise04/index.html|64|1|1622454717|e1d85fc45d8e4d7c95a4d6278e00851f|7762|2185856000oc5cc11235d1|4||204|7752|1622454394|d3e53319-a4f2-4e7f-bb2a-3c0ad720be5e|
#=#=#=# Syncrun finished 2021-05-31T09:52:00Z (last step: 369 msec, total: 707 msec)
#=#=#=# Syncrun started 2021-05-31T09:52:09Z
#=#=#=#=# Propagation starts 2021-05-31T09:52:09Z (last step: 408 msec, total: 408 msec)
09:52:09||exercise04/index.html|64|1|1622454727|25907e56ffc231b25c0cb8ed417ecf40|7762|2185856000oc5cc11235d1|4||204|7762|1622454717|40aa7497-0bf9-4039-9962-11824cfc9919|
#=#=#=# Syncrun finished 2021-05-31T09:52:10Z (last step: 408 msec, total: 816 msec)
#=#=#=# Syncrun started 2021-05-31T09:52:31Z
#=#=#=#=# Propagation starts 2021-05-31T09:52:31Z (last step: 515 msec, total: 515 msec)
09:52:31||exercise04/index.html|64|1|1622454749|abf59b62294b96c494696332d16e39b5|7762|2185856000oc5cc11235d1|4||204|7762|1622454727|3496caa7-6b50-42d3-9d12-26790c398501|
#=#=#=# Syncrun finished 2021-05-31T09:52:31Z (last step: 365 msec, total: 881 msec)
#=#=#=# Syncrun started 2021-05-31T09:52:43Z
#=#=#=#=# Propagation starts 2021-05-31T09:52:44Z (last step: 410 msec, total: 410 msec)
09:52:43||exercise04/index.html|64|1|1622454761|b98895849bd718c75deafcfd0f1229df|7753|2185856000oc5cc11235d1|4||204|7762|1622454749|ff86b3d9-ca32-4c9d-a66c-c8090e57ce94|
#=#=#=# Syncrun finished 2021-05-31T09:52:44Z (last step: 294 msec, total: 704 msec)
#=#=#=# Syncrun started 2021-05-31T09:52:53Z
#=#=#=#=# Propagation starts 2021-05-31T09:52:53Z (last step: 423 msec, total: 423 msec)
09:52:53||exercise04/index.html|64|1|1622454771|bb65c1fbc413ab6b710170fc4ea8a7e6|7762|2185856000oc5cc11235d1|4||204|7753|1622454761|ec2a8436-c4f3-4fe0-a008-da518739162c|
#=#=#=# Syncrun finished 2021-05-31T09:52:53Z (last step: 294 msec, total: 717 msec)
#=#=#=# Syncrun started 2021-05-31T09:53:44Z
#=#=#=#=# Propagation starts 2021-05-31T09:53:45Z (last step: 464 msec, total: 464 msec)
#=#=#=# Syncrun finished 2021-05-31T09:53:45Z (last step: 32 msec, total: 497 msec)
#=#=#=# Syncrun started 2021-05-31T09:56:13Z
#=#=#=#=# Propagation starts 2021-05-31T09:56:13Z (last step: 320 msec, total: 320 msec)
09:56:13||exercise04/index.html|64|1|1622454971|c76794e1fc90617dd01b6e2e984e5511|7762|2185856000oc5cc11235d1|4||204|7762|1622454771|8b73d761-5983-42de-856b-1a95f732fcf5|
#=#=#=# Syncrun finished 2021-05-31T09:56:14Z (last step: 395 msec, total: 716 msec)
#=#=#=# Syncrun started 2021-05-31T09:56:44Z
#=#=#=#=# Propagation starts 2021-05-31T09:56:44Z (last step: 291 msec, total: 291 msec)
#=#=#=# Syncrun finished 2021-05-31T09:56:44Z (last step: 29 msec, total: 320 msec)
#=#=#=# Syncrun started 2021-05-31T09:57:32Z
#=#=#=#=# Propagation starts 2021-05-31T09:57:32Z (last step: 280 msec, total: 280 msec)
09:57:32||exercise04/index.html|64|1|1622455050|81c9a223c2f5d0bb901537e73ceee93d|7652|2185856000oc5cc11235d1|4||204|7762|1622454971|97f32b9e-2360-49a2-928b-df293e4e6bd4|
#=#=#=# Syncrun finished 2021-05-31T09:57:32Z (last step: 516 msec, total: 796 msec)
#=#=#=# Syncrun started 2021-05-31T09:58:14Z
#=#=#=#=# Propagation starts 2021-05-31T09:58:15Z (last step: 422 msec, total: 422 msec)
#=#=#=# Syncrun finished 2021-05-31T09:58:15Z (last step: 28 msec, total: 450 msec)
#=#=#=# Syncrun started 2021-05-31T09:58:46Z
#=#=#=#=# Propagation starts 2021-05-31T09:58:46Z (last step: 296 msec, total: 296 msec)
09:58:46||exercise04/index.html|64|1|1622455124|b20f51cf878feb754972b47d64bbdd2b|7653|2185856000oc5cc11235d1|4||204|7652|1622455050|a7b68b6e-e275-4f2d-b829-f4c43f801caf|
#=#=#=# Syncrun finished 2021-05-31T09:58:47Z (last step: 291 msec, total: 587 msec)
#=#=#=# Syncrun started 2021-05-31T09:59:44Z
#=#=#=#=# Propagation starts 2021-05-31T09:59:45Z (last step: 466 msec, total: 466 msec)
09:59:44||exercise04/index.html|64|1|1622455182|a63ed4515f5463c268b66aa441a4abc3|7141|2185856000oc5cc11235d1|4||204|7653|1622455124|04ce57ba-5dba-4557-93f3-dfc9955c7443|
#=#=#=# Syncrun finished 2021-05-31T09:59:45Z (last step: 382 msec, total: 849 msec)
#=#=#=# Syncrun started 2021-05-31T09:59:47Z
#=#=#=#=# Propagation starts 2021-05-31T09:59:47Z (last step: 336 msec, total: 336 msec)
#=#=#=# Syncrun finished 2021-05-31T09:59:47Z (last step: 30 msec, total: 366 msec)
#=#=#=# Syncrun started 2021-05-31T10:00:44Z
#=#=#=#=# Propagation starts 2021-05-31T10:00:45Z (last step: 304 msec, total: 304 msec)
#=#=#=# Syncrun finished 2021-05-31T10:00:45Z (last step: 10 msec, total: 315 msec)
#=#=#=# Syncrun started 2021-05-31T10:00:53Z
#=#=#=#=# Propagation starts 2021-05-31T10:00:53Z (last step: 278 msec, total: 278 msec)
10:00:53||exercise04/style.css|64|1|1622455251|05dc28b0128b79506d60a41adb01a049|307|2185856028oc5cc11235d1|4||204|289|1622454668|a45af36a-d17f-4d64-b633-9b90042b5f9d|
#=#=#=# Syncrun finished 2021-05-31T10:00:53Z (last step: 312 msec, total: 590 msec)
#=#=#=# Syncrun started 2021-05-31T10:01:10Z
#=#=#=#=# Propagation starts 2021-05-31T10:01:11Z (last step: 538 msec, total: 538 msec)
10:01:10||exercise04/style.css|64|1|1622455268|dd491ba53cc65e6268a035f49775c155|311|2185856028oc5cc11235d1|4||204|307|1622455251|598b388e-e7ad-4353-9b54-0692ce680c51|
#=#=#=# Syncrun finished 2021-05-31T10:01:11Z (last step: 315 msec, total: 853 msec)
#=#=#=# Syncrun started 2021-05-31T10:01:44Z
#=#=#=#=# Propagation starts 2021-05-31T10:01:44Z (last step: 291 msec, total: 291 msec)
#=#=#=# Syncrun finished 2021-05-31T10:01:44Z (last step: 22 msec, total: 313 msec)
#=#=#=# Syncrun started 2021-05-31T10:09:49Z
#=#=#=#=# Propagation starts 2021-05-31T10:09:49Z (last step: 292 msec, total: 292 msec)
10:09:49||exercise04/index.html|64|1|1622455787|ad8cea3991a585fd16f4b83799e54884|7145|2185856000oc5cc11235d1|4||204|7141|1622455182|e28d4ed4-0bd2-4319-a880-2199e2251dbe|
#=#=#=# Syncrun finished 2021-05-31T10:09:50Z (last step: 341 msec, total: 634 msec)
#=#=#=# Syncrun started 2021-05-31T10:10:24Z
#=#=#=#=# Propagation starts 2021-05-31T10:10:25Z (last step: 512 msec, total: 512 msec)
10:10:24||exercise04/index.html|64|1|1622455822|0d1131d3f319ed892204af6cc149f7b2|7141|2185856000oc5cc11235d1|4||204|7145|1622455787|0fafcdb1-4ece-46d6-8a23-9f73fa10fbf8|
#=#=#=# Syncrun finished 2021-05-31T10:10:25Z (last step: 275 msec, total: 787 msec)
#=#=#=# Syncrun started 2021-05-31T10:11:14Z
#=#=#=#=# Propagation starts 2021-05-31T10:11:15Z (last step: 455 msec, total: 455 msec)
#=#=#=# Syncrun finished 2021-05-31T10:11:15Z (last step: 24 msec, total: 479 msec)
#=#=#=# Syncrun started 2021-05-31T10:12:14Z
#=#=#=#=# Propagation starts 2021-05-31T10:12:14Z (last step: 382 msec, total: 382 msec)
10:12:14||exercise04/index.html|64|1|1622455932|cd510d74eb2a80b8690222d4dc94b343|7233|2185856000oc5cc11235d1|4||204|7141|1622455822|8138630f-4b05-4733-99ee-0f2e46aac86b|
#=#=#=# Syncrun finished 2021-05-31T10:12:15Z (last step: 501 msec, total: 883 msec)
#=#=#=# Syncrun started 2021-05-31T10:12:41Z
#=#=#=#=# Propagation starts 2021-05-31T10:12:41Z (last step: 530 msec, total: 530 msec)
10:12:41||exercise04/index.html|64|1|1622455959|dce61692a914cffa14deeb559d3f12d1|7233|2185856000oc5cc11235d1|4||204|7233|1622455932|cfdcf960-6179-4307-b8ad-4e144d8212db|
#=#=#=# Syncrun finished 2021-05-31T10:12:42Z (last step: 431 msec, total: 961 msec)
#=#=#=# Syncrun started 2021-05-31T10:13:14Z
#=#=#=#=# Propagation starts 2021-05-31T10:13:15Z (last step: 406 msec, total: 406 msec)
#=#=#=# Syncrun finished 2021-05-31T10:13:15Z (last step: 27 msec, total: 433 msec)
#=#=#=# Syncrun started 2021-05-31T10:14:37Z
#=#=#=#=# Propagation starts 2021-05-31T10:14:37Z (last step: 379 msec, total: 379 msec)
10:14:37||exercise04/index.html|64|1|1622456075|4d59960f5783316b52087f3bbc692fee|8029|2185856000oc5cc11235d1|4||204|7233|1622455959|53478a6d-09a0-4f12-b357-593f3823e371|
#=#=#=# Syncrun finished 2021-05-31T10:14:38Z (last step: 308 msec, total: 688 msec)
#=#=#=# Syncrun started 2021-05-31T10:15:00Z
#=#=#=#=# Propagation starts 2021-05-31T10:15:00Z (last step: 499 msec, total: 499 msec)
10:15:00||exercise04/index.html|64|1|1622456098|a6f8b6e960cb474b91eca4a78d6dd2a7|7239|2185856000oc5cc11235d1|4||204|8029|1622456075|4716f2fd-0165-470d-a8cb-141b35e07264|
#=#=#=# Syncrun finished 2021-05-31T10:15:01Z (last step: 327 msec, total: 827 msec)
#=#=#=# Syncrun started 2021-05-31T10:15:44Z
#=#=#=#=# Propagation starts 2021-05-31T10:15:45Z (last step: 362 msec, total: 362 msec)
#=#=#=# Syncrun finished 2021-05-31T10:15:45Z (last step: 28 msec, total: 390 msec)
#=#=#=# Syncrun started 2021-05-31T10:17:18Z
#=#=#=#=# Propagation starts 2021-05-31T10:17:18Z (last step: 276 msec, total: 276 msec)
10:17:18||exercise04/index.html|64|1|1622456236|8e246d3b4ba0be8bc64867079b6157ef|7344|2185856000oc5cc11235d1|4||204|7239|1622456098|304faddf-05bd-48d4-b152-3eda00536fd9|
#=#=#=# Syncrun finished 2021-05-31T10:17:18Z (last step: 401 msec, total: 677 msec)
#=#=#=# Syncrun started 2021-05-31T10:17:53Z
#=#=#=#=# Propagation starts 2021-05-31T10:17:54Z (last step: 441 msec, total: 441 msec)
10:17:53||exercise04/index.html|64|1|1622456271|de79453a81e663581e885d9e2eadf6d5|7349|2185856000oc5cc11235d1|4||204|7344|1622456236|d63ff876-a607-4cba-aa92-99a88ab3dbde|
#=#=#=# Syncrun finished 2021-05-31T10:17:54Z (last step: 319 msec, total: 761 msec)
#=#=#=# Syncrun started 2021-05-31T10:18:44Z
#=#=#=#=# Propagation starts 2021-05-31T10:18:45Z (last step: 465 msec, total: 465 msec)
#=#=#=# Syncrun finished 2021-05-31T10:18:45Z (last step: 27 msec, total: 492 msec)
#=#=#=# Syncrun started 2021-05-31T10:19:35Z
#=#=#=#=# Propagation starts 2021-05-31T10:19:36Z (last step: 362 msec, total: 362 msec)
10:19:36||exercise04/index.html|64|1|1622456373|cfb0c28e14098384eaa6a24c0372abfb|7099|2185856000oc5cc11235d1|4||204|7349|1622456271|8b77aa77-3967-4606-bffd-84cf605a509e|
#=#=#=# Syncrun finished 2021-05-31T10:19:36Z (last step: 656 msec, total: 1018 msec)
#=#=#=# Syncrun started 2021-05-31T10:20:14Z
#=#=#=#=# Propagation starts 2021-05-31T10:20:15Z (last step: 435 msec, total: 435 msec)
#=#=#=# Syncrun finished 2021-05-31T10:20:15Z (last step: 30 msec, total: 465 msec)
#=#=#=# Syncrun started 2021-05-31T10:24:01Z
#=#=#=#=# Propagation starts 2021-05-31T10:24:01Z (last step: 356 msec, total: 356 msec)
10:24:01||exercise04/index.html|64|1|1622456639|0584fc982b1b03b2a32cc0a824074667|7354|2185856000oc5cc11235d1|4||204|7099|1622456373|c6a86f44-20ba-4fa2-8784-ce500dd80ec8|
#=#=#=# Syncrun finished 2021-05-31T10:24:01Z (last step: 371 msec, total: 727 msec)
#=#=#=# Syncrun started 2021-05-31T10:24:44Z
#=#=#=#=# Propagation starts 2021-05-31T10:24:45Z (last step: 465 msec, total: 465 msec)
#=#=#=# Syncrun finished 2021-05-31T10:24:45Z (last step: 35 msec, total: 501 msec)
#=#=#=# Syncrun started 2021-05-31T10:26:02Z
#=#=#=#=# Propagation starts 2021-05-31T10:26:02Z (last step: 375 msec, total: 375 msec)
10:26:02||exercise04/index.html|64|1|1622456759|251ae24506a3f79afda2da3149727a91|6796|2185856000oc5cc11235d1|4||204|7354|1622456639|b804b741-6dec-4dc3-a965-c3c438343786|
#=#=#=# Syncrun finished 2021-05-31T10:26:02Z (last step: 387 msec, total: 763 msec)
#=#=#=# Syncrun started 2021-05-31T10:26:44Z
#=#=#=#=# Propagation starts 2021-05-31T10:26:45Z (last step: 327 msec, total: 327 msec)
#=#=#=# Syncrun finished 2021-05-31T10:26:45Z (last step: 53 msec, total: 381 msec)
#=#=#=# Syncrun started 2021-05-31T10:34:08Z
#=#=#=#=# Propagation starts 2021-05-31T10:34:08Z (last step: 325 msec, total: 325 msec)
10:34:08||exercise04/index.html|64|1|1622457246|57e189e203de459b872095b9efcf7452|7543|2185856000oc5cc11235d1|4||204|6796|1622456759|094162d2-1dc5-4820-80ff-0ad67dd3942c|
#=#=#=# Syncrun finished 2021-05-31T10:34:09Z (last step: 340 msec, total: 666 msec)
#=#=#=# Syncrun started 2021-05-31T10:34:45Z
#=#=#=#=# Propagation starts 2021-05-31T10:34:45Z (last step: 516 msec, total: 516 msec)
#=#=#=# Syncrun finished 2021-05-31T10:34:45Z (last step: 27 msec, total: 543 msec)
#=#=#=# Syncrun started 2021-05-31T10:36:02Z
#=#=#=#=# Propagation starts 2021-05-31T10:36:02Z (last step: 560 msec, total: 560 msec)
10:36:02||exercise04/index.html|64|1|1622457360|aef16448b460b8293da61975316e3853|7225|2185856000oc5cc11235d1|4||204|7543|1622457246|a70843e7-2272-4899-a732-edd69bb42819|
#=#=#=# Syncrun finished 2021-05-31T10:36:03Z (last step: 370 msec, total: 930 msec)
#=#=#=# Syncrun started 2021-05-31T10:36:45Z
#=#=#=#=# Propagation starts 2021-05-31T10:36:45Z (last step: 632 msec, total: 632 msec)
#=#=#=# Syncrun finished 2021-05-31T10:36:45Z (last step: 27 msec, total: 659 msec)
